<?xml version="1.0" encoding="UTF-8"?>
<coverage generated="1609550256081" clover="3.2.0">
  <project timestamp="1609550256082" name="All files">
    <metrics statements="11" coveredstatements="11" conditionals="6" coveredconditionals="5" methods="4" coveredmethods="4" elements="21" coveredelements="20" complexity="0" loc="11" ncloc="11" packages="2" files="3" classes="3"/>
    <package name="array">
      <metrics statements="7" coveredstatements="7" conditionals="0" coveredconditionals="0" methods="2" coveredmethods="2"/>
      <file name="max.ts" path="C:\Users\Re\Desktop\micro-code\src\array\max.ts">
        <metrics statements="2" coveredstatements="2" conditionals="0" coveredconditionals="0" methods="1" coveredmethods="1"/>
        <line num="1" count="1" type="stmt"/>
        <line num="2" count="1" type="stmt"/>
      </file>
      <file name="shuffle.ts" path="C:\Users\Re\Desktop\micro-code\src\array\shuffle.ts">
        <metrics statements="5" coveredstatements="5" conditionals="0" coveredconditionals="0" methods="1" coveredmethods="1"/>
        <line num="7" count="1" type="stmt"/>
        <line num="9" count="1" type="stmt"/>
        <line num="11" count="3" type="stmt"/>
        <line num="12" count="3" type="stmt"/>
        <line num="14" count="1" type="stmt"/>
      </file>
    </package>
    <package name="object">
      <metrics statements="4" coveredstatements="4" conditionals="6" coveredconditionals="5" methods="2" coveredmethods="2"/>
      <file name="get.ts" path="C:\Users\Re\Desktop\micro-code\src\object\get.ts">
        <metrics statements="4" coveredstatements="4" conditionals="6" coveredconditionals="5" methods="2" coveredmethods="2"/>
        <line num="1" count="1" type="stmt"/>
        <line num="2" count="12" type="cond" truecount="5" falsecount="1"/>
        <line num="4" count="1" type="stmt"/>
        <line num="5" count="1" type="stmt"/>
      </file>
    </package>
  </project>
</coverage>
