{"C:\\Users\\Re\\Desktop\\micro-code\\src\\array\\max.ts": {"path":"C:\\Users\\Re\\Desktop\\micro-code\\src\\array\\max.ts","statementMap":{"0":{"start":{"line":2,"column":2},"end":{"line":2,"column":null}},"1":{"start":{"line":1,"column":0},"end":{"line":1,"column":16}}},"fnMap":{"0":{"name":"max","decl":{"start":{"line":1,"column":16},"end":{"line":1,"column":19}},"loc":{"start":{"line":1,"column":28},"end":{"line":3,"column":1}}}},"branchMap":{},"s":{"0":1,"1":1},"f":{"0":1},"b":{}}
,"C:\\Users\\Re\\Desktop\\micro-code\\src\\array\\shuffle.ts": {"path":"C:\\Users\\Re\\Desktop\\micro-code\\src\\array\\shuffle.ts","statementMap":{"0":{"start":{"line":9,"column":2},"end":{"line":13,"column":null}},"1":{"start":{"line":9,"column":15},"end":{"line":9,"column":25}},"2":{"start":{"line":11,"column":4},"end":{"line":11,"column":48}},"3":{"start":{"line":12,"column":0},"end":{"line":12,"column":null}},"4":{"start":{"line":14,"column":2},"end":{"line":14,"column":null}},"5":{"start":{"line":7,"column":0},"end":{"line":7,"column":16}}},"fnMap":{"0":{"name":"shuffle","decl":{"start":{"line":7,"column":16},"end":{"line":7,"column":23}},"loc":{"start":{"line":7,"column":51},"end":{"line":15,"column":1}}}},"branchMap":{},"s":{"0":1,"1":1,"2":3,"3":3,"4":1,"5":1},"f":{"0":1},"b":{}}
,"C:\\Users\\Re\\Desktop\\micro-code\\src\\object\\get.ts": {"path":"C:\\Users\\Re\\Desktop\\micro-code\\src\\object\\get.ts","statementMap":{"0":{"start":{"line":2,"column":2},"end":{"line":2,"column":null}},"1":{"start":{"line":2,"column":43},"end":{"line":2,"column":82}},"2":{"start":{"line":1,"column":0},"end":{"line":1,"column":16}},"3":{"start":{"line":4,"column":15},"end":{"line":4,"column":39}},"4":{"start":{"line":5,"column":0},"end":{"line":5,"column":null}}},"fnMap":{"0":{"name":"get","decl":{"start":{"line":1,"column":16},"end":{"line":1,"column":19}},"loc":{"start":{"line":1,"column":62},"end":{"line":3,"column":1}}},"1":{"name":"(anonymous_1)","decl":{"start":{"line":2,"column":32},"end":{"line":2,"column":33}},"loc":{"start":{"line":2,"column":43},"end":{"line":2,"column":82}}}},"branchMap":{"0":{"loc":{"start":{"line":2,"column":55},"end":{"line":2,"column":59}},"type":"cond-expr","locations":[{"start":{"line":2,"column":55},"end":{"line":2,"column":59}},{"start":{"line":2,"column":62},"end":{"line":2,"column":82}}]},"1":{"loc":{"start":{"line":2,"column":43},"end":{"line":2,"column":44}},"type":"binary-expr","locations":[{"start":{"line":2,"column":43},"end":{"line":2,"column":44}},{"start":{"line":2,"column":48},"end":{"line":2,"column":52}}]},"2":{"loc":{"start":{"line":2,"column":62},"end":{"line":2,"column":74}},"type":"binary-expr","locations":[{"start":{"line":2,"column":62},"end":{"line":2,"column":74}},{"start":{"line":2,"column":78},"end":{"line":2,"column":82}}]}},"s":{"0":3,"1":12,"2":1,"3":1,"4":1},"f":{"0":3,"1":12},"b":{"0":[11,1],"1":[12,12],"2":[1,0]}}
}
